Using pre-set license
Built from '2020.2/release' branch; Version is '2020.2.4f1 (becced5a802b) revision 12504301'; Using compiler version '192528614'; Build Type 'Release'
OS: 'Windows 10 Home; OS build 19043.1526; Version 2009; 64bit' Language: 'en' Physical Memory: 16317 MB
BatchMode: 1, IsHumanControllingUs: 0, StartBugReporterOnCrash: 0, Is64bit: 1, IsPro: 0

 COMMAND LINE ARGUMENTS:
C:\Program Files\Unity\Hub\Editor\2020.2.4f1\Editor\Unity.exe
-adb2
-batchMode
-noUpm
-name
AssetImportWorker0
-projectPath
D:/Unity Projects/TeachingProjects/SamGeekEduProject/SamGeekEdu/SamPlatformer
-logFile
Logs/AssetImportWorker0.log
-srvPort
56243
Successfully changed project path to: D:/Unity Projects/TeachingProjects/SamGeekEduProject/SamGeekEdu/SamPlatformer
D:/Unity Projects/TeachingProjects/SamGeekEduProject/SamGeekEdu/SamPlatformer
Using Asset Import Pipeline V2.
Refreshing native plugins compatible for Editor in 32.93 ms, found 1 plugins.
Preloading 0 native plugins for Editor in 0.00 ms.
Initialize engine version: 2020.2.4f1 (becced5a802b)
[Subsystems] Discovering subsystems at path C:/Program Files/Unity/Hub/Editor/2020.2.4f1/Editor/Data/Resources/UnitySubsystems
[Subsystems] Discovering subsystems at path D:/Unity Projects/TeachingProjects/SamGeekEduProject/SamGeekEdu/SamPlatformer/Assets
GfxDevice: creating device client; threaded=0
Direct3D:
    Version:  Direct3D 11.0 [level 11.1]
    Renderer: NVIDIA GeForce RTX 2060 SUPER (ID=0x1f06)
    Vendor:   
    VRAM:     8031 MB
    Driver:   30.0.14.7196
Initialize mono
Mono path[0] = 'C:/Program Files/Unity/Hub/Editor/2020.2.4f1/Editor/Data/Managed'
Mono path[1] = 'C:/Program Files/Unity/Hub/Editor/2020.2.4f1/Editor/Data/MonoBleedingEdge/lib/mono/unityjit'
Mono config path = 'C:/Program Files/Unity/Hub/Editor/2020.2.4f1/Editor/Data/MonoBleedingEdge/etc'
Using monoOptions --debugger-agent=transport=dt_socket,embedding=1,server=y,suspend=n,address=127.0.0.1:56352
Begin MonoManager ReloadAssembly
Registering precompiled unity dll's ...
Register platform support module: C:/Program Files/Unity/Hub/Editor/2020.2.4f1/Editor/Data/PlaybackEngines/WebGLSupport/UnityEditor.WebGL.Extensions.dll
Register platform support module: C:/Program Files/Unity/Hub/Editor/2020.2.4f1/Editor/Data/PlaybackEngines/WindowsStandaloneSupport/UnityEditor.WindowsStandalone.Extensions.dll
Registered in 0.002562 seconds.
Native extension for WindowsStandalone target not found
Native extension for WebGL target not found
Refreshing native plugins compatible for Editor in 31.22 ms, found 1 plugins.
Preloading 0 native plugins for Editor in 0.00 ms.
Invoked RoslynAnalysisRunner static constructor.
RoslynAnalysisRunner will not be running.
RoslynAnalysisRunner has terminated.
Mono: successfully reloaded assembly
- Completed reload, in  1.891 seconds
Platform modules already initialized, skipping
Registering precompiled user dll's ...
Registered in 0.001047 seconds.
Begin MonoManager ReloadAssembly
Native extension for WindowsStandalone target not found
Native extension for WebGL target not found
Refreshing native plugins compatible for Editor in 32.49 ms, found 1 plugins.
Preloading 0 native plugins for Editor in 0.00 ms.
Invoked RoslynAnalysisRunner static constructor.
RoslynAnalysisRunner will not be running.
RoslynAnalysisRunner has terminated.
Mono: successfully reloaded assembly
- Completed reload, in  0.825 seconds
Platform modules already initialized, skipping
========================================================================
Worker process is ready to serve import requests
Launched and connected shader compiler UnityShaderCompiler.exe after 0.04 seconds
Refreshing native plugins compatible for Editor in 0.49 ms, found 1 plugins.
Preloading 0 native plugins for Editor in 0.00 ms.
Unloading 1812 Unused Serialized files (Serialized files now loaded: 0)
System memory in use before: 85.5 MB.
System memory in use after: 85.5 MB.

Unloading 24 unused Assets to reduce memory usage. Loaded Objects now: 2255.
Total: 2.290100 ms (FindLiveObjects: 0.359300 ms CreateObjectMapping: 0.119900 ms MarkObjects: 1.664600 ms  DeleteObjects: 0.144900 ms)

========================================================================
Received Import Request.
  path: Assets/Scenes/Level3.unity
  artifactKey: Guid(041f67c6f1a3ff942b0ebc1c4374abb0) Importer(815301076,1909f56bfc062723c751e8b465ee728b)
Start importing Assets/Scenes/Level3.unity using Guid(041f67c6f1a3ff942b0ebc1c4374abb0) Importer(815301076,1909f56bfc062723c751e8b465ee728b)  -> (artifact id: '803e907b67c596d10cd3e000152b50b0') in 0.019114 seconds
  Import took 0.022253 seconds .

========================================================================
Received Import Request.
  Time since last request: 1385.671274 seconds.
  path: Assets/Animations/Player.controller
  artifactKey: Guid(e9fccff3fb2fe7349997b9b7ff4ea972) Importer(815301076,1909f56bfc062723c751e8b465ee728b)
Start importing Assets/Animations/Player.controller using Guid(e9fccff3fb2fe7349997b9b7ff4ea972) Importer(815301076,1909f56bfc062723c751e8b465ee728b)  -> (artifact id: '98801499adee79dcc075b205d58e8e7f') in 0.027083 seconds
  Import took 0.030592 seconds .

========================================================================
Received Import Request.
  Time since last request: 468.851970 seconds.
  path: Assets/Animations/Player.controller
  artifactKey: Guid(e9fccff3fb2fe7349997b9b7ff4ea972) Importer(815301076,1909f56bfc062723c751e8b465ee728b)
Start importing Assets/Animations/Player.controller using Guid(e9fccff3fb2fe7349997b9b7ff4ea972) Importer(815301076,1909f56bfc062723c751e8b465ee728b)  -> (artifact id: '54156ba493d973511d18bb1e2aa47571') in 0.008428 seconds
  Import took 0.013109 seconds .

========================================================================
Received Import Request.
  Time since last request: 22.905720 seconds.
  path: Assets/Scripts/PlayerScript.cs
  artifactKey: Guid(a0c73775959455845aab0a7214b60c26) Importer(815301076,1909f56bfc062723c751e8b465ee728b)
Start importing Assets/Scripts/PlayerScript.cs using Guid(a0c73775959455845aab0a7214b60c26) Importer(815301076,1909f56bfc062723c751e8b465ee728b)  -> (artifact id: '40f13b8767104859e45c3eeceb884eb0') in 0.022225 seconds
  Import took 0.024980 seconds .

========================================================================
Received Import Request.
  Time since last request: 775.034824 seconds.
  path: Assets/Scripts/PlayerScript.cs
  artifactKey: Guid(a0c73775959455845aab0a7214b60c26) Importer(815301076,1909f56bfc062723c751e8b465ee728b)
Start importing Assets/Scripts/PlayerScript.cs using Guid(a0c73775959455845aab0a7214b60c26) Importer(815301076,1909f56bfc062723c751e8b465ee728b)  -> (artifact id: 'e1734d763177fda1cd1da9b312dcd828') in 0.003806 seconds
  Import took 0.007354 seconds .

========================================================================
Received Prepare
Registering precompiled user dll's ...
Registered in 0.000825 seconds.
Begin MonoManager ReloadAssembly
Native extension for WindowsStandalone target not found
Native extension for WebGL target not found
Refreshing native plugins compatible for Editor in 0.38 ms, found 1 plugins.
Preloading 0 native plugins for Editor in 0.00 ms.
Invoked RoslynAnalysisRunner static constructor.
RoslynAnalysisRunner will not be running.
RoslynAnalysisRunner has terminated.
Mono: successfully reloaded assembly
- Completed reload, in  0.814 seconds
Platform modules already initialized, skipping
Refreshing native plugins compatible for Editor in 0.52 ms, found 1 plugins.
Preloading 0 native plugins for Editor in 0.00 ms.
Unloading 1807 Unused Serialized files (Serialized files now loaded: 0)
System memory in use before: 85.5 MB.
System memory in use after: 85.5 MB.

Unloading 12 unused Assets to reduce memory usage. Loaded Objects now: 2258.
Total: 3.597500 ms (FindLiveObjects: 0.960500 ms CreateObjectMapping: 0.124300 ms MarkObjects: 2.397300 ms  DeleteObjects: 0.113100 ms)

========================================================================
Received Prepare
Registering precompiled user dll's ...
Registered in 0.000914 seconds.
Begin MonoManager ReloadAssembly
Native extension for WindowsStandalone target not found
Native extension for WebGL target not found
Refreshing native plugins compatible for Editor in 0.39 ms, found 1 plugins.
Preloading 0 native plugins for Editor in 0.00 ms.
Invoked RoslynAnalysisRunner static constructor.
RoslynAnalysisRunner will not be running.
RoslynAnalysisRunner has terminated.
Mono: successfully reloaded assembly
- Completed reload, in  0.754 seconds
Platform modules already initialized, skipping
Refreshing native plugins compatible for Editor in 0.38 ms, found 1 plugins.
Preloading 0 native plugins for Editor in 0.00 ms.
Unloading 1807 Unused Serialized files (Serialized files now loaded: 0)
System memory in use before: 85.5 MB.
System memory in use after: 85.5 MB.

Unloading 12 unused Assets to reduce memory usage. Loaded Objects now: 2261.
Total: 1.931700 ms (FindLiveObjects: 0.251500 ms CreateObjectMapping: 0.046600 ms MarkObjects: 1.527600 ms  DeleteObjects: 0.104700 ms)

========================================================================
Received Prepare
Registering precompiled user dll's ...
Registered in 0.001233 seconds.
Begin MonoManager ReloadAssembly
Native extension for WindowsStandalone target not found
Native extension for WebGL target not found
Refreshing native plugins compatible for Editor in 0.67 ms, found 1 plugins.
Preloading 0 native plugins for Editor in 0.00 ms.
Invoked RoslynAnalysisRunner static constructor.
RoslynAnalysisRunner will not be running.
RoslynAnalysisRunner has terminated.
Mono: successfully reloaded assembly
- Completed reload, in  0.778 seconds
Platform modules already initialized, skipping
Refreshing native plugins compatible for Editor in 0.56 ms, found 1 plugins.
Preloading 0 native plugins for Editor in 0.00 ms.
Unloading 1807 Unused Serialized files (Serialized files now loaded: 0)
System memory in use before: 85.5 MB.
System memory in use after: 85.5 MB.

Unloading 12 unused Assets to reduce memory usage. Loaded Objects now: 2264.
Total: 2.341500 ms (FindLiveObjects: 0.310200 ms CreateObjectMapping: 0.047800 ms MarkObjects: 1.873500 ms  DeleteObjects: 0.108400 ms)

========================================================================
Received Prepare
Registering precompiled user dll's ...
Registered in 0.001156 seconds.
Begin MonoManager ReloadAssembly
Native extension for WindowsStandalone target not found
Native extension for WebGL target not found
Refreshing native plugins compatible for Editor in 0.62 ms, found 1 plugins.
Preloading 0 native plugins for Editor in 0.00 ms.
Invoked RoslynAnalysisRunner static constructor.
RoslynAnalysisRunner will not be running.
RoslynAnalysisRunner has terminated.
Mono: successfully reloaded assembly
- Completed reload, in  0.809 seconds
Platform modules already initialized, skipping
Refreshing native plugins compatible for Editor in 0.37 ms, found 1 plugins.
Preloading 0 native plugins for Editor in 0.00 ms.
Unloading 1807 Unused Serialized files (Serialized files now loaded: 0)
System memory in use before: 85.5 MB.
System memory in use after: 85.5 MB.

Unloading 12 unused Assets to reduce memory usage. Loaded Objects now: 2267.
Total: 2.350000 ms (FindLiveObjects: 0.286900 ms CreateObjectMapping: 0.043900 ms MarkObjects: 1.904900 ms  DeleteObjects: 0.113200 ms)

========================================================================
Received Prepare
Registering precompiled user dll's ...
Registered in 0.000752 seconds.
Begin MonoManager ReloadAssembly
Native extension for WindowsStandalone target not found
Native extension for WebGL target not found
Refreshing native plugins compatible for Editor in 0.88 ms, found 1 plugins.
Preloading 0 native plugins for Editor in 0.00 ms.
Invoked RoslynAnalysisRunner static constructor.
RoslynAnalysisRunner will not be running.
RoslynAnalysisRunner has terminated.
Mono: successfully reloaded assembly
- Completed reload, in  0.773 seconds
Platform modules already initialized, skipping
Refreshing native plugins compatible for Editor in 1.62 ms, found 1 plugins.
Preloading 0 native plugins for Editor in 0.00 ms.
Unloading 1807 Unused Serialized files (Serialized files now loaded: 0)
System memory in use before: 85.5 MB.
System memory in use after: 85.5 MB.

Unloading 12 unused Assets to reduce memory usage. Loaded Objects now: 2270.
Total: 2.553600 ms (FindLiveObjects: 0.239000 ms CreateObjectMapping: 0.046100 ms MarkObjects: 2.160900 ms  DeleteObjects: 0.106200 ms)

========================================================================
Received Import Request.
  Time since last request: 488.478621 seconds.
  path: Assets/MusicSFX
  artifactKey: Guid(59fcdf4c84b3eb04eb36ed2c9f9db8cb) Importer(815301076,1909f56bfc062723c751e8b465ee728b)
Start importing Assets/MusicSFX using Guid(59fcdf4c84b3eb04eb36ed2c9f9db8cb) Importer(815301076,1909f56bfc062723c751e8b465ee728b)  -> (artifact id: 'fbde725101832f0c320c849c6036d6e6') in 0.014150 seconds
  Import took 0.018704 seconds .

========================================================================
Received Import Request.
  Time since last request: 0.001644 seconds.
  path: Assets/MusicSFX
  artifactKey: Guid(59fcdf4c84b3eb04eb36ed2c9f9db8cb) Importer(815301076,1909f56bfc062723c751e8b465ee728b)
Start importing Assets/MusicSFX using Guid(59fcdf4c84b3eb04eb36ed2c9f9db8cb) Importer(815301076,1909f56bfc062723c751e8b465ee728b)  -> (artifact id: 'fbde725101832f0c320c849c6036d6e6') in 0.002314 seconds
  Import took 0.005813 seconds .

========================================================================
Received Import Request.
  Time since last request: 32.471513 seconds.
  path: Assets/MusicSFX/pickupCoin.wav
  artifactKey: Guid(eb1c239ac671e7d4fadeac1374799a6d) Importer(815301076,1909f56bfc062723c751e8b465ee728b)
Start importing Assets/MusicSFX/pickupCoin.wav using Guid(eb1c239ac671e7d4fadeac1374799a6d) Importer(815301076,1909f56bfc062723c751e8b465ee728b)  -> (artifact id: '9fe70a10d059a5c9e998389a39d8cdc0') in 0.079945 seconds
  Import took 0.083271 seconds .

========================================================================
Received Import Request.
  Time since last request: 0.000190 seconds.
  path: Assets/MusicSFX/hitHurt.wav
  artifactKey: Guid(878f4ede6326f1d4fa8646c5175e7094) Importer(815301076,1909f56bfc062723c751e8b465ee728b)
Start importing Assets/MusicSFX/hitHurt.wav using Guid(878f4ede6326f1d4fa8646c5175e7094) Importer(815301076,1909f56bfc062723c751e8b465ee728b)  -> (artifact id: 'ed91998d7a9e50498e9a0789258b9a68') in 0.013265 seconds
  Import took 0.016056 seconds .

========================================================================
Received Import Request.
  Time since last request: 71.190646 seconds.
  path: Assets/Scripts/SoundManager.cs
  artifactKey: Guid(a029be3a309c7894998fd0da3fe4287b) Importer(815301076,1909f56bfc062723c751e8b465ee728b)
Start importing Assets/Scripts/SoundManager.cs using Guid(a029be3a309c7894998fd0da3fe4287b) Importer(815301076,1909f56bfc062723c751e8b465ee728b)  -> (artifact id: '6e57684d6e4d564f7fa7c50aec825215') in 0.008144 seconds
  Import took 0.011243 seconds .

========================================================================
Received Prepare
Registering precompiled user dll's ...
Registered in 0.001993 seconds.
Begin MonoManager ReloadAssembly
Native extension for WindowsStandalone target not found
Native extension for WebGL target not found
Refreshing native plugins compatible for Editor in 0.64 ms, found 1 plugins.
Preloading 0 native plugins for Editor in 0.00 ms.
Invoked RoslynAnalysisRunner static constructor.
RoslynAnalysisRunner will not be running.
RoslynAnalysisRunner has terminated.
Mono: successfully reloaded assembly
- Completed reload, in  0.851 seconds
Platform modules already initialized, skipping
Refreshing native plugins compatible for Editor in 0.40 ms, found 1 plugins.
Preloading 0 native plugins for Editor in 0.00 ms.
Unloading 1808 Unused Serialized files (Serialized files now loaded: 0)
System memory in use before: 88.7 MB.
System memory in use after: 88.7 MB.

Unloading 12 unused Assets to reduce memory usage. Loaded Objects now: 2283.
Total: 1.971600 ms (FindLiveObjects: 0.234800 ms CreateObjectMapping: 0.043200 ms MarkObjects: 1.599600 ms  DeleteObjects: 0.092900 ms)

========================================================================
Received Prepare
Registering precompiled user dll's ...
Registered in 0.000983 seconds.
Begin MonoManager ReloadAssembly
Native extension for WindowsStandalone target not found
Native extension for WebGL target not found
Refreshing native plugins compatible for Editor in 0.38 ms, found 1 plugins.
Preloading 0 native plugins for Editor in 0.00 ms.
Invoked RoslynAnalysisRunner static constructor.
RoslynAnalysisRunner will not be running.
RoslynAnalysisRunner has terminated.
Mono: successfully reloaded assembly
- Completed reload, in  0.803 seconds
Platform modules already initialized, skipping
Refreshing native plugins compatible for Editor in 0.35 ms, found 1 plugins.
Preloading 0 native plugins for Editor in 0.00 ms.
Unloading 1808 Unused Serialized files (Serialized files now loaded: 0)
System memory in use before: 88.7 MB.
System memory in use after: 88.7 MB.

Unloading 12 unused Assets to reduce memory usage. Loaded Objects now: 2286.
Total: 5.727000 ms (FindLiveObjects: 1.090700 ms CreateObjectMapping: 0.139900 ms MarkObjects: 4.379900 ms  DeleteObjects: 0.112200 ms)

========================================================================
Received Prepare
Registering precompiled user dll's ...
Registered in 0.001177 seconds.
Begin MonoManager ReloadAssembly
Native extension for WindowsStandalone target not found
Native extension for WebGL target not found
Refreshing native plugins compatible for Editor in 0.39 ms, found 1 plugins.
Preloading 0 native plugins for Editor in 0.00 ms.
Invoked RoslynAnalysisRunner static constructor.
RoslynAnalysisRunner will not be running.
RoslynAnalysisRunner has terminated.
Mono: successfully reloaded assembly
- Completed reload, in  0.780 seconds
Platform modules already initialized, skipping
Refreshing native plugins compatible for Editor in 0.63 ms, found 1 plugins.
Preloading 0 native plugins for Editor in 0.00 ms.
Unloading 1808 Unused Serialized files (Serialized files now loaded: 0)
System memory in use before: 88.7 MB.
System memory in use after: 88.7 MB.

Unloading 12 unused Assets to reduce memory usage. Loaded Objects now: 2289.
Total: 2.041500 ms (FindLiveObjects: 0.215100 ms CreateObjectMapping: 0.042800 ms MarkObjects: 1.677000 ms  DeleteObjects: 0.105400 ms)

========================================================================
Received Prepare
Registering precompiled user dll's ...
Registered in 0.000826 seconds.
Begin MonoManager ReloadAssembly
Native extension for WindowsStandalone target not found
Native extension for WebGL target not found
Refreshing native plugins compatible for Editor in 0.40 ms, found 1 plugins.
Preloading 0 native plugins for Editor in 0.00 ms.
Invoked RoslynAnalysisRunner static constructor.
RoslynAnalysisRunner will not be running.
RoslynAnalysisRunner has terminated.
Mono: successfully reloaded assembly
- Completed reload, in  0.808 seconds
Platform modules already initialized, skipping
Refreshing native plugins compatible for Editor in 0.39 ms, found 1 plugins.
Preloading 0 native plugins for Editor in 0.00 ms.
Unloading 1808 Unused Serialized files (Serialized files now loaded: 0)
System memory in use before: 88.7 MB.
System memory in use after: 88.7 MB.

Unloading 12 unused Assets to reduce memory usage. Loaded Objects now: 2292.
Total: 2.046500 ms (FindLiveObjects: 0.197800 ms CreateObjectMapping: 0.040000 ms MarkObjects: 1.625000 ms  DeleteObjects: 0.182700 ms)

========================================================================
Received Import Request.
  Time since last request: 606.596399 seconds.
  path: Assets/Scenes/Level3.unity
  artifactKey: Guid(041f67c6f1a3ff942b0ebc1c4374abb0) Importer(815301076,1909f56bfc062723c751e8b465ee728b)
Start importing Assets/Scenes/Level3.unity using Guid(041f67c6f1a3ff942b0ebc1c4374abb0) Importer(815301076,1909f56bfc062723c751e8b465ee728b)  -> (artifact id: '24ff817d33a218e46dd7c3f36a04203c') in 0.010675 seconds
  Import took 0.014308 seconds .

========================================================================
Received Prepare
Registering precompiled user dll's ...
Registered in 0.001303 seconds.
Begin MonoManager ReloadAssembly
Native extension for WindowsStandalone target not found
Native extension for WebGL target not found
Refreshing native plugins compatible for Editor in 0.62 ms, found 1 plugins.
Preloading 0 native plugins for Editor in 0.00 ms.
Invoked RoslynAnalysisRunner static constructor.
RoslynAnalysisRunner will not be running.
RoslynAnalysisRunner has terminated.
Mono: successfully reloaded assembly
- Completed reload, in  0.798 seconds
Platform modules already initialized, skipping
Refreshing native plugins compatible for Editor in 0.45 ms, found 1 plugins.
Preloading 0 native plugins for Editor in 0.00 ms.
Unloading 1808 Unused Serialized files (Serialized files now loaded: 0)
System memory in use before: 88.8 MB.
System memory in use after: 88.8 MB.

Unloading 12 unused Assets to reduce memory usage. Loaded Objects now: 2295.
Total: 3.219600 ms (FindLiveObjects: 0.678500 ms CreateObjectMapping: 0.053200 ms MarkObjects: 2.357600 ms  DeleteObjects: 0.128000 ms)

========================================================================
Received Import Request.
  Time since last request: 4.344359 seconds.
  path: Assets/Scenes/Level1.unity
  artifactKey: Guid(2cda990e2423bbf4892e6590ba056729) Importer(815301076,1909f56bfc062723c751e8b465ee728b)
Start importing Assets/Scenes/Level1.unity using Guid(2cda990e2423bbf4892e6590ba056729) Importer(815301076,1909f56bfc062723c751e8b465ee728b)  -> (artifact id: 'fcc043349411624e6b42a42430291e74') in 0.018764 seconds
  Import took 0.023039 seconds .

========================================================================
Received Import Request.
  Time since last request: 6.669507 seconds.
  path: Assets/Prefabs/SoundManager.prefab
  artifactKey: Guid(76c964c1711d1f24fa06cca5ac8330d5) Importer(815301076,1909f56bfc062723c751e8b465ee728b)
Start importing Assets/Prefabs/SoundManager.prefab using Guid(76c964c1711d1f24fa06cca5ac8330d5) Importer(815301076,1909f56bfc062723c751e8b465ee728b)  -> (artifact id: '345fbeca4bf97ef6ac48cccbf4c946f8') in 0.022088 seconds
  Import took 0.026600 seconds .

========================================================================
Received Import Request.
  Time since last request: 0.003121 seconds.
  path: Assets/Prefabs/SoundManager.prefab
  artifactKey: Guid(76c964c1711d1f24fa06cca5ac8330d5) Importer(815301076,1909f56bfc062723c751e8b465ee728b)
Start importing Assets/Prefabs/SoundManager.prefab using Guid(76c964c1711d1f24fa06cca5ac8330d5) Importer(815301076,1909f56bfc062723c751e8b465ee728b)  -> (artifact id: '345fbeca4bf97ef6ac48cccbf4c946f8') in 0.004101 seconds
  Import took 0.007160 seconds .

========================================================================
Received Prepare
Registering precompiled user dll's ...
Registered in 0.001452 seconds.
Begin MonoManager ReloadAssembly
Native extension for WindowsStandalone target not found
Native extension for WebGL target not found
Refreshing native plugins compatible for Editor in 0.40 ms, found 1 plugins.
Preloading 0 native plugins for Editor in 0.00 ms.
Invoked RoslynAnalysisRunner static constructor.
RoslynAnalysisRunner will not be running.
RoslynAnalysisRunner has terminated.
Mono: successfully reloaded assembly
- Completed reload, in  0.815 seconds
Platform modules already initialized, skipping
Refreshing native plugins compatible for Editor in 0.55 ms, found 1 plugins.
Preloading 0 native plugins for Editor in 0.00 ms.
Unloading 1808 Unused Serialized files (Serialized files now loaded: 0)
System memory in use before: 88.8 MB.
System memory in use after: 88.8 MB.

Unloading 12 unused Assets to reduce memory usage. Loaded Objects now: 2298.
Total: 3.109200 ms (FindLiveObjects: 0.657100 ms CreateObjectMapping: 0.065000 ms MarkObjects: 2.270800 ms  DeleteObjects: 0.112600 ms)

========================================================================
Received Prepare
Registering precompiled user dll's ...
Registered in 0.000760 seconds.
Begin MonoManager ReloadAssembly
Native extension for WindowsStandalone target not found
Native extension for WebGL target not found
Refreshing native plugins compatible for Editor in 2.04 ms, found 1 plugins.
Preloading 0 native plugins for Editor in 0.00 ms.
Invoked RoslynAnalysisRunner static constructor.
RoslynAnalysisRunner will not be running.
RoslynAnalysisRunner has terminated.
Mono: successfully reloaded assembly
- Completed reload, in  0.814 seconds
Platform modules already initialized, skipping
Refreshing native plugins compatible for Editor in 0.49 ms, found 1 plugins.
Preloading 0 native plugins for Editor in 0.00 ms.
Unloading 1808 Unused Serialized files (Serialized files now loaded: 0)
System memory in use before: 88.8 MB.
System memory in use after: 88.8 MB.

Unloading 12 unused Assets to reduce memory usage. Loaded Objects now: 2301.
Total: 5.628800 ms (FindLiveObjects: 1.379800 ms CreateObjectMapping: 0.106900 ms MarkObjects: 3.934500 ms  DeleteObjects: 0.203800 ms)

========================================================================
Received Prepare
Registering precompiled user dll's ...
Registered in 0.000908 seconds.
Begin MonoManager ReloadAssembly
Native extension for WindowsStandalone target not found
Native extension for WebGL target not found
Refreshing native plugins compatible for Editor in 0.56 ms, found 1 plugins.
Preloading 0 native plugins for Editor in 0.00 ms.
Invoked RoslynAnalysisRunner static constructor.
RoslynAnalysisRunner will not be running.
RoslynAnalysisRunner has terminated.
Mono: successfully reloaded assembly
- Completed reload, in  0.843 seconds
Platform modules already initialized, skipping
Refreshing native plugins compatible for Editor in 0.84 ms, found 1 plugins.
Preloading 0 native plugins for Editor in 0.00 ms.
Unloading 1808 Unused Serialized files (Serialized files now loaded: 0)
System memory in use before: 88.8 MB.
System memory in use after: 88.8 MB.

Unloading 12 unused Assets to reduce memory usage. Loaded Objects now: 2304.
Total: 2.091800 ms (FindLiveObjects: 0.256900 ms CreateObjectMapping: 0.070800 ms MarkObjects: 1.655900 ms  DeleteObjects: 0.107000 ms)

========================================================================
Received Prepare
Registering precompiled user dll's ...
Registered in 0.000899 seconds.
Begin MonoManager ReloadAssembly
Native extension for WindowsStandalone target not found
Native extension for WebGL target not found
Refreshing native plugins compatible for Editor in 0.38 ms, found 1 plugins.
Preloading 0 native plugins for Editor in 0.00 ms.
Invoked RoslynAnalysisRunner static constructor.
RoslynAnalysisRunner will not be running.
RoslynAnalysisRunner has terminated.
Mono: successfully reloaded assembly
- Completed reload, in  0.768 seconds
Platform modules already initialized, skipping
Refreshing native plugins compatible for Editor in 0.34 ms, found 1 plugins.
Preloading 0 native plugins for Editor in 0.00 ms.
Unloading 1808 Unused Serialized files (Serialized files now loaded: 0)
System memory in use before: 88.8 MB.
System memory in use after: 88.8 MB.

Unloading 12 unused Assets to reduce memory usage. Loaded Objects now: 2307.
Total: 3.008600 ms (FindLiveObjects: 0.492600 ms CreateObjectMapping: 0.148200 ms MarkObjects: 2.238100 ms  DeleteObjects: 0.128000 ms)

========================================================================
Received Prepare
Registering precompiled user dll's ...
Registered in 0.001624 seconds.
Begin MonoManager ReloadAssembly
Native extension for WindowsStandalone target not found
Native extension for WebGL target not found
Refreshing native plugins compatible for Editor in 1.13 ms, found 1 plugins.
Preloading 0 native plugins for Editor in 0.00 ms.
Invoked RoslynAnalysisRunner static constructor.
RoslynAnalysisRunner will not be running.
RoslynAnalysisRunner has terminated.
Mono: successfully reloaded assembly
- Completed reload, in  0.881 seconds
Platform modules already initialized, skipping
Refreshing native plugins compatible for Editor in 0.47 ms, found 1 plugins.
Preloading 0 native plugins for Editor in 0.00 ms.
Unloading 1808 Unused Serialized files (Serialized files now loaded: 0)
System memory in use before: 88.8 MB.
System memory in use after: 88.8 MB.

Unloading 12 unused Assets to reduce memory usage. Loaded Objects now: 2310.
Total: 2.257000 ms (FindLiveObjects: 0.250100 ms CreateObjectMapping: 0.043600 ms MarkObjects: 1.851000 ms  DeleteObjects: 0.111200 ms)

========================================================================
Received Import Request.
  Time since last request: 571.842852 seconds.
  path: Assets/Prefabs/Thwamp.prefab
  artifactKey: Guid(cbfbc81c081af1d4f9e2438db566a7a3) Importer(815301076,1909f56bfc062723c751e8b465ee728b)
Start importing Assets/Prefabs/Thwamp.prefab using Guid(cbfbc81c081af1d4f9e2438db566a7a3) Importer(815301076,1909f56bfc062723c751e8b465ee728b)  -> (artifact id: 'b49587153fe65bd0e337c05088c5e374') in 0.060799 seconds
  Import took 0.064078 seconds .

========================================================================
Received Import Request.
  Time since last request: 37.960010 seconds.
  path: Assets/Scenes/Level4.unity
  artifactKey: Guid(2efe1d0c76703a944b946212e06f8dd1) Importer(815301076,1909f56bfc062723c751e8b465ee728b)
Start importing Assets/Scenes/Level4.unity using Guid(2efe1d0c76703a944b946212e06f8dd1) Importer(815301076,1909f56bfc062723c751e8b465ee728b)  -> (artifact id: '8075b13f80a767d683333f7b50daba93') in 0.006792 seconds
  Import took 0.009674 seconds .

========================================================================
Received Import Request.
  Time since last request: 29.995859 seconds.
  path: Assets/Scenes/HubWorld.unity
  artifactKey: Guid(fedbbc3fba342c24ca23bfff64bde395) Importer(815301076,1909f56bfc062723c751e8b465ee728b)
Start importing Assets/Scenes/HubWorld.unity using Guid(fedbbc3fba342c24ca23bfff64bde395) Importer(815301076,1909f56bfc062723c751e8b465ee728b)  -> (artifact id: 'f69922b65da8aa4b13cc1d5bbfae3e43') in 0.010246 seconds
  Import took 0.013640 seconds .

========================================================================
Received Import Request.
  Time since last request: 990.258932 seconds.
  path: Assets/Sprites/snakeLava_ani.png
  artifactKey: Guid(fc4d59eb1c7d9c94d8d22faaab34a8ec) Importer(815301076,1909f56bfc062723c751e8b465ee728b)
Start importing Assets/Sprites/snakeLava_ani.png using Guid(fc4d59eb1c7d9c94d8d22faaab34a8ec) Importer(815301076,1909f56bfc062723c751e8b465ee728b)  -> (artifact id: 'ca00deb679080cd4e2b3d3e7474945d4') in 0.043865 seconds
  Import took 0.047655 seconds .

========================================================================
Received Import Request.
  Time since last request: 0.012180 seconds.
  path: Assets/Sprites/snakeLava.png
  artifactKey: Guid(c34f1da6934bdfc49ad130be2b0c39fc) Importer(815301076,1909f56bfc062723c751e8b465ee728b)
Start importing Assets/Sprites/snakeLava.png using Guid(c34f1da6934bdfc49ad130be2b0c39fc) Importer(815301076,1909f56bfc062723c751e8b465ee728b)  -> (artifact id: '8dbec9eac0a19b3fed006780c73b96c4') in 0.015546 seconds
  Import took 0.018894 seconds .

========================================================================
Received Prepare
Registering precompiled user dll's ...
Registered in 0.001298 seconds.
Begin MonoManager ReloadAssembly
Native extension for WindowsStandalone target not found
Native extension for WebGL target not found
Refreshing native plugins compatible for Editor in 1.82 ms, found 1 plugins.
Preloading 0 native plugins for Editor in 0.00 ms.
Invoked RoslynAnalysisRunner static constructor.
RoslynAnalysisRunner will not be running.
RoslynAnalysisRunner has terminated.
Mono: successfully reloaded assembly
- Completed reload, in  0.974 seconds
Platform modules already initialized, skipping
Refreshing native plugins compatible for Editor in 0.64 ms, found 1 plugins.
Preloading 0 native plugins for Editor in 0.00 ms.
Unloading 1809 Unused Serialized files (Serialized files now loaded: 0)
System memory in use before: 88.9 MB.
System memory in use after: 88.9 MB.

Unloading 12 unused Assets to reduce memory usage. Loaded Objects now: 2320.
Total: 3.031400 ms (FindLiveObjects: 0.365900 ms CreateObjectMapping: 0.045400 ms MarkObjects: 2.490200 ms  DeleteObjects: 0.128200 ms)

========================================================================
Received Import Request.
  Time since last request: 656.652119 seconds.
  path: Assets/Scripts/Lava.cs
  artifactKey: Guid(a1bdd0f3b064b064aa70c5d5c5987e79) Importer(815301076,1909f56bfc062723c751e8b465ee728b)
Start importing Assets/Scripts/Lava.cs using Guid(a1bdd0f3b064b064aa70c5d5c5987e79) Importer(815301076,1909f56bfc062723c751e8b465ee728b)  -> (artifact id: '0a3dd0e1c82e822ff8c665b0547e3ac2') in 0.011106 seconds
  Import took 0.015273 seconds .

========================================================================
Received Prepare
Registering precompiled user dll's ...
Registered in 0.000721 seconds.
Begin MonoManager ReloadAssembly
Native extension for WindowsStandalone target not found
Native extension for WebGL target not found
Refreshing native plugins compatible for Editor in 0.46 ms, found 1 plugins.
Preloading 0 native plugins for Editor in 0.00 ms.
Invoked RoslynAnalysisRunner static constructor.
RoslynAnalysisRunner will not be running.
RoslynAnalysisRunner has terminated.
Mono: successfully reloaded assembly
- Completed reload, in  0.854 seconds
Platform modules already initialized, skipping
Refreshing native plugins compatible for Editor in 0.47 ms, found 1 plugins.
Preloading 0 native plugins for Editor in 0.00 ms.
Unloading 1809 Unused Serialized files (Serialized files now loaded: 0)
System memory in use before: 88.9 MB.
System memory in use after: 88.9 MB.

Unloading 12 unused Assets to reduce memory usage. Loaded Objects now: 2323.
Total: 2.090600 ms (FindLiveObjects: 0.347400 ms CreateObjectMapping: 0.075000 ms MarkObjects: 1.565200 ms  DeleteObjects: 0.101800 ms)

========================================================================
Received Prepare
Registering precompiled user dll's ...
Registered in 0.001718 seconds.
Begin MonoManager ReloadAssembly
Native extension for WindowsStandalone target not found
Native extension for WebGL target not found
Refreshing native plugins compatible for Editor in 0.51 ms, found 1 plugins.
Preloading 0 native plugins for Editor in 0.00 ms.
Invoked RoslynAnalysisRunner static constructor.
RoslynAnalysisRunner will not be running.
RoslynAnalysisRunner has terminated.
Mono: successfully reloaded assembly
- Completed reload, in  0.825 seconds
Platform modules already initialized, skipping
Refreshing native plugins compatible for Editor in 0.50 ms, found 1 plugins.
Preloading 0 native plugins for Editor in 0.00 ms.
Unloading 1809 Unused Serialized files (Serialized files now loaded: 0)
System memory in use before: 88.9 MB.
System memory in use after: 88.9 MB.

Unloading 12 unused Assets to reduce memory usage. Loaded Objects now: 2326.
Total: 2.753100 ms (FindLiveObjects: 0.406700 ms CreateObjectMapping: 0.065400 ms MarkObjects: 2.176200 ms  DeleteObjects: 0.102200 ms)

========================================================================
Received Import Request.
  Time since last request: 101.396957 seconds.
  path: Assets/Scripts/Lava.cs
  artifactKey: Guid(a1bdd0f3b064b064aa70c5d5c5987e79) Importer(815301076,1909f56bfc062723c751e8b465ee728b)
Start importing Assets/Scripts/Lava.cs using Guid(a1bdd0f3b064b064aa70c5d5c5987e79) Importer(815301076,1909f56bfc062723c751e8b465ee728b)  -> (artifact id: '968471d0e24d901a1888cbeb525ae490') in 0.006557 seconds
  Import took 0.009541 seconds .

========================================================================
Received Prepare
Registering precompiled user dll's ...
Registered in 0.001163 seconds.
Begin MonoManager ReloadAssembly
Native extension for WindowsStandalone target not found
Native extension for WebGL target not found
Refreshing native plugins compatible for Editor in 0.39 ms, found 1 plugins.
Preloading 0 native plugins for Editor in 0.00 ms.
Invoked RoslynAnalysisRunner static constructor.
RoslynAnalysisRunner will not be running.
RoslynAnalysisRunner has terminated.
Mono: successfully reloaded assembly
- Completed reload, in  0.777 seconds
Platform modules already initialized, skipping
Refreshing native plugins compatible for Editor in 0.42 ms, found 1 plugins.
Preloading 0 native plugins for Editor in 0.00 ms.
Unloading 1809 Unused Serialized files (Serialized files now loaded: 0)
System memory in use before: 88.9 MB.
System memory in use after: 88.9 MB.

Unloading 12 unused Assets to reduce memory usage. Loaded Objects now: 2329.
Total: 3.097100 ms (FindLiveObjects: 0.509600 ms CreateObjectMapping: 0.049800 ms MarkObjects: 2.424900 ms  DeleteObjects: 0.111100 ms)

========================================================================
Received Prepare
Registering precompiled user dll's ...
Registered in 0.000999 seconds.
Begin MonoManager ReloadAssembly
Native extension for WindowsStandalone target not found
Native extension for WebGL target not found
Refreshing native plugins compatible for Editor in 0.55 ms, found 1 plugins.
Preloading 0 native plugins for Editor in 0.00 ms.
Invoked RoslynAnalysisRunner static constructor.
RoslynAnalysisRunner will not be running.
RoslynAnalysisRunner has terminated.
Mono: successfully reloaded assembly
- Completed reload, in  0.995 seconds
Platform modules already initialized, skipping
Refreshing native plugins compatible for Editor in 0.87 ms, found 1 plugins.
Preloading 0 native plugins for Editor in 0.00 ms.
Unloading 1809 Unused Serialized files (Serialized files now loaded: 0)
System memory in use before: 88.9 MB.
System memory in use after: 88.9 MB.

Unloading 12 unused Assets to reduce memory usage. Loaded Objects now: 2332.
Total: 3.747500 ms (FindLiveObjects: 0.525800 ms CreateObjectMapping: 0.055800 ms MarkObjects: 2.950100 ms  DeleteObjects: 0.214400 ms)

========================================================================
Received Import Request.
  Time since last request: 189.708927 seconds.
  path: Assets/Scripts/LavaSnake.cs
  artifactKey: Guid(f5d989ed7dbd83e42839ee60e693131e) Importer(815301076,1909f56bfc062723c751e8b465ee728b)
Start importing Assets/Scripts/LavaSnake.cs using Guid(f5d989ed7dbd83e42839ee60e693131e) Importer(815301076,1909f56bfc062723c751e8b465ee728b)  -> (artifact id: 'c19156684b8f8a67a40a6651af5bcc50') in 0.011464 seconds
  Import took 0.015217 seconds .

========================================================================
Received Prepare
Registering precompiled user dll's ...
Registered in 0.001129 seconds.
Begin MonoManager ReloadAssembly
Native extension for WindowsStandalone target not found
Native extension for WebGL target not found
Refreshing native plugins compatible for Editor in 0.55 ms, found 1 plugins.
Preloading 0 native plugins for Editor in 0.00 ms.
Invoked RoslynAnalysisRunner static constructor.
RoslynAnalysisRunner will not be running.
RoslynAnalysisRunner has terminated.
Mono: successfully reloaded assembly
- Completed reload, in  0.830 seconds
Platform modules already initialized, skipping
Refreshing native plugins compatible for Editor in 0.38 ms, found 1 plugins.
Preloading 0 native plugins for Editor in 0.00 ms.
Unloading 1810 Unused Serialized files (Serialized files now loaded: 0)
System memory in use before: 89.0 MB.
System memory in use after: 88.9 MB.

Unloading 12 unused Assets to reduce memory usage. Loaded Objects now: 2336.
Total: 2.809500 ms (FindLiveObjects: 0.356700 ms CreateObjectMapping: 0.116500 ms MarkObjects: 2.197800 ms  DeleteObjects: 0.137000 ms)

========================================================================
Received Prepare
Registering precompiled user dll's ...
Registered in 0.001331 seconds.
Begin MonoManager ReloadAssembly
Native extension for WindowsStandalone target not found
Native extension for WebGL target not found
Refreshing native plugins compatible for Editor in 0.36 ms, found 1 plugins.
Preloading 0 native plugins for Editor in 0.00 ms.
Invoked RoslynAnalysisRunner static constructor.
RoslynAnalysisRunner will not be running.
RoslynAnalysisRunner has terminated.
Mono: successfully reloaded assembly
- Completed reload, in  0.781 seconds
Platform modules already initialized, skipping
Refreshing native plugins compatible for Editor in 0.38 ms, found 1 plugins.
Preloading 0 native plugins for Editor in 0.00 ms.
Unloading 1810 Unused Serialized files (Serialized files now loaded: 0)
System memory in use before: 89.0 MB.
System memory in use after: 89.0 MB.

Unloading 12 unused Assets to reduce memory usage. Loaded Objects now: 2339.
Total: 2.107400 ms (FindLiveObjects: 0.290400 ms CreateObjectMapping: 0.048200 ms MarkObjects: 1.656300 ms  DeleteObjects: 0.111500 ms)

========================================================================
Received Import Request.
  Time since last request: 505.753039 seconds.
  path: Assets/Scripts/LavaSnake.cs
  artifactKey: Guid(f5d989ed7dbd83e42839ee60e693131e) Importer(815301076,1909f56bfc062723c751e8b465ee728b)
Start importing Assets/Scripts/LavaSnake.cs using Guid(f5d989ed7dbd83e42839ee60e693131e) Importer(815301076,1909f56bfc062723c751e8b465ee728b)  -> (artifact id: '4b478f6fad4554084bd01efc16ada179') in 0.004564 seconds
  Import took 0.007472 seconds .

========================================================================
Received Prepare
Registering precompiled user dll's ...
Registered in 0.000724 seconds.
Begin MonoManager ReloadAssembly
Native extension for WindowsStandalone target not found
Native extension for WebGL target not found
Refreshing native plugins compatible for Editor in 0.59 ms, found 1 plugins.
Preloading 0 native plugins for Editor in 0.00 ms.
Invoked RoslynAnalysisRunner static constructor.
RoslynAnalysisRunner will not be running.
RoslynAnalysisRunner has terminated.
Mono: successfully reloaded assembly
- Completed reload, in  0.909 seconds
Platform modules already initialized, skipping
Refreshing native plugins compatible for Editor in 0.57 ms, found 1 plugins.
Preloading 0 native plugins for Editor in 0.00 ms.
Unloading 1811 Unused Serialized files (Serialized files now loaded: 0)
System memory in use before: 89.0 MB.
System memory in use after: 89.0 MB.

Unloading 12 unused Assets to reduce memory usage. Loaded Objects now: 2343.
Total: 3.111000 ms (FindLiveObjects: 0.495300 ms CreateObjectMapping: 0.079400 ms MarkObjects: 2.394200 ms  DeleteObjects: 0.140900 ms)

========================================================================
Received Import Request.
  Time since last request: 234.548789 seconds.
  path: Assets/Scripts/MovingPlatform.cs
  artifactKey: Guid(7c04775049c20ba4db6d02bbef294833) Importer(815301076,1909f56bfc062723c751e8b465ee728b)
Start importing Assets/Scripts/MovingPlatform.cs using Guid(7c04775049c20ba4db6d02bbef294833) Importer(815301076,1909f56bfc062723c751e8b465ee728b)  -> (artifact id: '3726bfad88f3b2bc6c227edfb09fc020') in 0.008900 seconds
  Import took 0.023681 seconds .

========================================================================
Received Prepare
Registering precompiled user dll's ...
Registered in 0.000678 seconds.
Begin MonoManager ReloadAssembly
Native extension for WindowsStandalone target not found
Native extension for WebGL target not found
Refreshing native plugins compatible for Editor in 0.43 ms, found 1 plugins.
Preloading 0 native plugins for Editor in 0.00 ms.
Invoked RoslynAnalysisRunner static constructor.
RoslynAnalysisRunner will not be running.
RoslynAnalysisRunner has terminated.
Mono: successfully reloaded assembly
- Completed reload, in  0.896 seconds
Platform modules already initialized, skipping
Refreshing native plugins compatible for Editor in 0.38 ms, found 1 plugins.
Preloading 0 native plugins for Editor in 0.00 ms.
Unloading 1811 Unused Serialized files (Serialized files now loaded: 0)
System memory in use before: 89.0 MB.
System memory in use after: 89.0 MB.

Unloading 12 unused Assets to reduce memory usage. Loaded Objects now: 2346.
Total: 3.602400 ms (FindLiveObjects: 0.523800 ms CreateObjectMapping: 0.068300 ms MarkObjects: 2.895200 ms  DeleteObjects: 0.112500 ms)

========================================================================
Received Prepare
Registering precompiled user dll's ...
Registered in 0.001017 seconds.
Begin MonoManager ReloadAssembly
Native extension for WindowsStandalone target not found
Native extension for WebGL target not found
Refreshing native plugins compatible for Editor in 0.41 ms, found 1 plugins.
Preloading 0 native plugins for Editor in 0.00 ms.
Invoked RoslynAnalysisRunner static constructor.
RoslynAnalysisRunner will not be running.
RoslynAnalysisRunner has terminated.
Mono: successfully reloaded assembly
- Completed reload, in  0.772 seconds
Platform modules already initialized, skipping
Refreshing native plugins compatible for Editor in 0.37 ms, found 1 plugins.
Preloading 0 native plugins for Editor in 0.00 ms.
Unloading 1811 Unused Serialized files (Serialized files now loaded: 0)
System memory in use before: 89.0 MB.
System memory in use after: 89.0 MB.

Unloading 12 unused Assets to reduce memory usage. Loaded Objects now: 2349.
Total: 2.296200 ms (FindLiveObjects: 0.293200 ms CreateObjectMapping: 0.044400 ms MarkObjects: 1.785900 ms  DeleteObjects: 0.171300 ms)

========================================================================
Received Import Request.
  Time since last request: 459.239575 seconds.
  path: Assets/Scripts/MovingPlatform.cs
  artifactKey: Guid(7c04775049c20ba4db6d02bbef294833) Importer(815301076,1909f56bfc062723c751e8b465ee728b)
Start importing Assets/Scripts/MovingPlatform.cs using Guid(7c04775049c20ba4db6d02bbef294833) Importer(815301076,1909f56bfc062723c751e8b465ee728b)  -> (artifact id: '0f9a85857760597f2ce91fea8ff564a4') in 0.005864 seconds
  Import took 0.030561 seconds .

========================================================================
Received Prepare
Registering precompiled user dll's ...
Registered in 0.000943 seconds.
Begin MonoManager ReloadAssembly
Native extension for WindowsStandalone target not found
Native extension for WebGL target not found
Refreshing native plugins compatible for Editor in 0.95 ms, found 1 plugins.
Preloading 0 native plugins for Editor in 0.00 ms.
Invoked RoslynAnalysisRunner static constructor.
RoslynAnalysisRunner will not be running.
RoslynAnalysisRunner has terminated.
Mono: successfully reloaded assembly
- Completed reload, in  0.784 seconds
Platform modules already initialized, skipping
Refreshing native plugins compatible for Editor in 0.56 ms, found 1 plugins.
Preloading 0 native plugins for Editor in 0.00 ms.
Unloading 1811 Unused Serialized files (Serialized files now loaded: 0)
System memory in use before: 89.0 MB.
System memory in use after: 89.0 MB.

Unloading 12 unused Assets to reduce memory usage. Loaded Objects now: 2352.
Total: 2.127500 ms (FindLiveObjects: 0.302700 ms CreateObjectMapping: 0.055400 ms MarkObjects: 1.663600 ms  DeleteObjects: 0.104800 ms)

========================================================================
Received Prepare
Registering precompiled user dll's ...
Registered in 0.001032 seconds.
Begin MonoManager ReloadAssembly
Native extension for WindowsStandalone target not found
Native extension for WebGL target not found
Refreshing native plugins compatible for Editor in 0.41 ms, found 1 plugins.
Preloading 0 native plugins for Editor in 0.00 ms.
Invoked RoslynAnalysisRunner static constructor.
RoslynAnalysisRunner will not be running.
RoslynAnalysisRunner has terminated.
Mono: successfully reloaded assembly
- Completed reload, in  0.904 seconds
Platform modules already initialized, skipping
Refreshing native plugins compatible for Editor in 0.49 ms, found 1 plugins.
Preloading 0 native plugins for Editor in 0.00 ms.
Unloading 1811 Unused Serialized files (Serialized files now loaded: 0)
System memory in use before: 89.0 MB.
System memory in use after: 89.0 MB.

Unloading 12 unused Assets to reduce memory usage. Loaded Objects now: 2355.
Total: 4.786100 ms (FindLiveObjects: 0.793200 ms CreateObjectMapping: 0.065400 ms MarkObjects: 3.683300 ms  DeleteObjects: 0.241000 ms)

========================================================================
Received Import Request.
  Time since last request: 497.766859 seconds.
  path: Assets/Sprites/CheckpointFlag.png
  artifactKey: Guid(dc8a925814a262c4ba883520982e59cb) Importer(815301076,1909f56bfc062723c751e8b465ee728b)
Start importing Assets/Sprites/CheckpointFlag.png using Guid(dc8a925814a262c4ba883520982e59cb) Importer(815301076,1909f56bfc062723c751e8b465ee728b)  -> (artifact id: '394cf53f9d6454959051500038bf16ca') in 0.058360 seconds
  Import took 0.062341 seconds .

========================================================================
Received Import Request.
  Time since last request: 0.011438 seconds.
  path: Assets/Sprites/CheckpointFlag.png
  artifactKey: Guid(dc8a925814a262c4ba883520982e59cb) Importer(815301076,1909f56bfc062723c751e8b465ee728b)
Start importing Assets/Sprites/CheckpointFlag.png using Guid(dc8a925814a262c4ba883520982e59cb) Importer(815301076,1909f56bfc062723c751e8b465ee728b)  -> (artifact id: '394cf53f9d6454959051500038bf16ca') in 0.011214 seconds
  Import took 0.014964 seconds .

========================================================================
Received Import Request.
  Time since last request: 37.933968 seconds.
  path: Assets/Scripts/Checkpoint.cs
  artifactKey: Guid(ea3135c9e35d66649bb12b72b7bd2bf1) Importer(815301076,1909f56bfc062723c751e8b465ee728b)
Start importing Assets/Scripts/Checkpoint.cs using Guid(ea3135c9e35d66649bb12b72b7bd2bf1) Importer(815301076,1909f56bfc062723c751e8b465ee728b)  -> (artifact id: '6ea8af96270ab58f3421b12ef9581221') in 0.006685 seconds
  Import took 0.010161 seconds .

========================================================================
Received Prepare
Registering precompiled user dll's ...
Registered in 0.001049 seconds.
Begin MonoManager ReloadAssembly
Native extension for WindowsStandalone target not found
Native extension for WebGL target not found
Refreshing native plugins compatible for Editor in 0.39 ms, found 1 plugins.
Preloading 0 native plugins for Editor in 0.00 ms.
Invoked RoslynAnalysisRunner static constructor.
RoslynAnalysisRunner will not be running.
RoslynAnalysisRunner has terminated.
Mono: successfully reloaded assembly
- Completed reload, in  0.837 seconds
Platform modules already initialized, skipping
Refreshing native plugins compatible for Editor in 0.63 ms, found 1 plugins.
Preloading 0 native plugins for Editor in 0.00 ms.
Unloading 1812 Unused Serialized files (Serialized files now loaded: 0)
System memory in use before: 89.1 MB.
System memory in use after: 89.1 MB.

Unloading 12 unused Assets to reduce memory usage. Loaded Objects now: 2362.
Total: 3.692700 ms (FindLiveObjects: 0.469400 ms CreateObjectMapping: 0.085800 ms MarkObjects: 3.004900 ms  DeleteObjects: 0.131000 ms)

========================================================================
Received Prepare
Registering precompiled user dll's ...
Registered in 0.000995 seconds.
Begin MonoManager ReloadAssembly
Native extension for WindowsStandalone target not found
Native extension for WebGL target not found
Refreshing native plugins compatible for Editor in 0.67 ms, found 1 plugins.
Preloading 0 native plugins for Editor in 0.00 ms.
Invoked RoslynAnalysisRunner static constructor.
RoslynAnalysisRunner will not be running.
RoslynAnalysisRunner has terminated.
Mono: successfully reloaded assembly
- Completed reload, in  0.813 seconds
Platform modules already initialized, skipping
Refreshing native plugins compatible for Editor in 0.39 ms, found 1 plugins.
Preloading 0 native plugins for Editor in 0.00 ms.
Unloading 1812 Unused Serialized files (Serialized files now loaded: 0)
System memory in use before: 89.1 MB.
System memory in use after: 89.1 MB.

Unloading 12 unused Assets to reduce memory usage. Loaded Objects now: 2365.
Total: 2.168700 ms (FindLiveObjects: 0.312000 ms CreateObjectMapping: 0.042700 ms MarkObjects: 1.686400 ms  DeleteObjects: 0.125900 ms)

========================================================================
Received Import Request.
  Time since last request: 186.075663 seconds.
  path: Assets/Scripts/Checkpoint.cs
  artifactKey: Guid(ea3135c9e35d66649bb12b72b7bd2bf1) Importer(815301076,1909f56bfc062723c751e8b465ee728b)
Start importing Assets/Scripts/Checkpoint.cs using Guid(ea3135c9e35d66649bb12b72b7bd2bf1) Importer(815301076,1909f56bfc062723c751e8b465ee728b)  -> (artifact id: '999b313643580f507eb77f566bb56a7d') in 0.006414 seconds
  Import took 0.009544 seconds .

